###############################################################
#  Generated by:      Cadence Innovus 21.16-s078_1
#  OS:                Linux x86_64(Host ID cadpc21)
#  Generated on:      Tue Oct 15 10:44:47 2024
#  Design:            ibex_top
#  Command:           check_pin_assignment -out_file ../report/fp.check_pin_assignment.rpt
###############################################################

Start Checking pins of top cell: [ibex_top] 
Summary report for top level: [ibex_top] 
	Total Pins                         : 655
	Legally Assigned Pins              : 655
End of Summary report
End Checking pins of top cell: [ibex_top] 


===========================================================================================================================
                                                checkPinAssignment Summary
===========================================================================================================================
Partition   | pads  | pins   | legal  | illegal | internal | internal illegal | FT     | FT illegal | constant | unplaced |
===========================================================================================================================
ibex_top    |     0 |    655 |    655 |       0 |        0 |                0 |      0 |          0 |        0 |        0 |
===========================================================================================================================
TOTAL       |     0 |    655 |    655 |       0 |        0 |                0 |      0 |          0 |        0 |        0 |
===========================================================================================================================
