*----------------------------------------------------------------------------------------
*	Innovus 21.16-s078_1 (64bit) 12/07/2022 12:07 (Linux 3.10.0-693.el7.x86_64)
*	
*
* 	Date & Time:	2024-Oct-15 10:45:37 (2024-Oct-15 14:45:37 GMT)
*
*----------------------------------------------------------------------------------------
*
*	Design: ibex_top
*
*	Liberty Libraries used: 
*	        av_normal_max: /courses/ee6693/tech/asap7/asap7sc7p5t_28/LIB/NLDM/asap7sc7p5t_AO_LVT_SS_nldm_211120.lib.gz
*	        av_normal_max: /courses/ee6693/tech/asap7/asap7sc7p5t_28/LIB/NLDM/asap7sc7p5t_AO_RVT_SS_nldm_211120.lib.gz
*	        av_normal_max: /courses/ee6693/tech/asap7/asap7sc7p5t_28/LIB/NLDM/asap7sc7p5t_AO_SLVT_SS_nldm_211120.lib.gz
*	        av_normal_max: /courses/ee6693/tech/asap7/asap7sc7p5t_28/LIB/NLDM/asap7sc7p5t_INVBUF_LVT_SS_nldm_220122.lib.gz
*	        av_normal_max: /courses/ee6693/tech/asap7/asap7sc7p5t_28/LIB/NLDM/asap7sc7p5t_INVBUF_RVT_SS_nldm_220122.lib.gz
*	        av_normal_max: /courses/ee6693/tech/asap7/asap7sc7p5t_28/LIB/NLDM/asap7sc7p5t_INVBUF_SLVT_SS_nldm_220122.lib.gz
*	        av_normal_max: /courses/ee6693/tech/asap7/asap7sc7p5t_28/LIB/NLDM/asap7sc7p5t_OA_LVT_SS_nldm_211120.lib.gz
*	        av_normal_max: /courses/ee6693/tech/asap7/asap7sc7p5t_28/LIB/NLDM/asap7sc7p5t_OA_RVT_SS_nldm_211120.lib.gz
*	        av_normal_max: /courses/ee6693/tech/asap7/asap7sc7p5t_28/LIB/NLDM/asap7sc7p5t_OA_SLVT_SS_nldm_211120.lib.gz
*	        av_normal_max: /courses/ee6693/tech/asap7/asap7sc7p5t_28/LIB/NLDM/asap7sc7p5t_SEQ_LVT_SS_nldm_220123.lib.gz
*	        av_normal_max: /courses/ee6693/tech/asap7/asap7sc7p5t_28/LIB/NLDM/asap7sc7p5t_SEQ_RVT_SS_nldm_220123.lib.gz
*	        av_normal_max: /courses/ee6693/tech/asap7/asap7sc7p5t_28/LIB/NLDM/asap7sc7p5t_SEQ_SLVT_SS_nldm_220123.lib.gz
*	        av_normal_max: /courses/ee6693/tech/asap7/asap7sc7p5t_28/LIB/NLDM/asap7sc7p5t_SIMPLE_LVT_SS_nldm_211120.lib.gz
*	        av_normal_max: /courses/ee6693/tech/asap7/asap7sc7p5t_28/LIB/NLDM/asap7sc7p5t_SIMPLE_RVT_SS_nldm_211120.lib.gz
*	        av_normal_max: /courses/ee6693/tech/asap7/asap7sc7p5t_28/LIB/NLDM/asap7sc7p5t_SIMPLE_SLVT_SS_nldm_211120.lib.gz
*
*	Power Domain used: 
*              Rail:       DVDD      Voltage:       0.63 
*
*       Power View : av_normal_max
*
*       User-Defined Activity : N.A.
*
*       Activity File: N.A.
*
*       Hierarchical Global Activity: N.A.
*
*       Global Activity: N.A.
*
*       Sequential Element Activity: 0.200000
*
*       Primary Input Activity: 0.200000
*
*       Default icg ratio: N.A.
*
*       Global Comb ClockGate Ratio: N.A.
*
*	Power Units = 1mW
*
*	Time Units = 1e-12 secs 
*
*       report_power -outfile ../report/place.power.rpt
*
-----------------------------------------------------------------------------------------


Total Power 
-----------------------------------------------------------------------------------------
Total Internal Power:        0.21579465 	   37.3521%
Total Switching Power:       0.33894780 	   58.6688%
Total Leakage Power:         0.02298839 	    3.9791%
Total Power:                 0.57773084 
-----------------------------------------------------------------------------------------


Group                           Internal   Switching     Leakage       Total  Percentage 
                                Power      Power         Power         Power  (%)        
-----------------------------------------------------------------------------------------
Sequential                       0.07947     0.04841    0.002295      0.1302       22.53 
Macro                                  0           0           0           0           0 
IO                                     0           0           0           0           0 
Combinational                     0.1363      0.2905     0.02069      0.4476       77.47 
Clock (Combinational)                  0           0           0           0           0 
Clock (Sequential)                     0           0           0           0           0 
-----------------------------------------------------------------------------------------
Total                             0.2158      0.3389     0.02299      0.5777         100 
-----------------------------------------------------------------------------------------


Rail                  Voltage   Internal   Switching     Leakage       Total  Percentage 
                                Power      Power         Power         Power  (%)        
-----------------------------------------------------------------------------------------
DVDD                     0.63     0.2158      0.3389     0.02299      0.5777         100 


-----------------------------------------------------------------------------------------
*	Power Distribution Summary: 
*                Highest Average Power: u_ibex_core/ex_block_i_alu_i_add_105_53_p214748365A2135 (AO21x1_ASAP7_75t_SL):         0.001732 
*                Highest Leakage Power:       u_ibex_core/g112189 (BUFx12f_ASAP7_75t_SL):        0.0005497 
*          Total Cap:      1.26258e-11 F
*          Total instances in design:  5557
*          Total instances in design with no power:     0
*          Total instances in design with no activity:     0
*          Total Fillers and Decap:     0
-----------------------------------------------------------------------------------------

