

Working Directory = /homes/user/stud/fall24/mag2346/src/hw-sw-co-design/cu-adam-flow/syn/work
QoS Summary for ibex_top
================================================================================
Metric                          syn            
================================================================================
Slack (ps):                         0
  R2R (ps):                  no_value
  I2R (ps):                       583
  R2O (ps):                     1,107
  I2O (ps):                         0
  CG  (ps):                  no_value
TNS (ps):                           0
  R2R (ps):                  no_value
  I2R (ps):                         0
  R2O (ps):                         0
  I2O (ps):                         0
  CG  (ps):                  no_value
Failing Paths:                      0
Leakage Power (nW):            12,311
Cell Area:                        734
Total Cell Area:                  734
Leaf Instances:                 6,462
Total Instances:                6,462
Utilization (%):                 0.00
Tot. Net Length (um):        no_value
Avg. Net Length (um):        no_value
Route Overflow H (%):        no_value
Route Overflow V (%):        no_value
MBCI(%) (bits/gate) :            0.00
Norm Cong Hotspot Area:
  Max Cong:                  no_value
  Tot Cong:                  no_value
================================================================================
CPU  Runtime (h:m:s):        00:02:56
Real Runtime (h:m:s):        00:02:30
CPU  Elapsed (h:m:s):        00:02:58
Real Elapsed (h:m:s):        00:02:32
Memory (MB):                  2121.54
================================================================================
================================================================================
Flow Settings:
================================================================================
Total Runtime (h:m:s): 00:02:31
Total Memory (MB):     2121.54
Executable Version:    21.16-s062_1
================================================================================
Total Cell Area =  Cell Area + Physical Cell Area
Total Instances =  Leaf Instances + Physical Instances


