============================================================
  Generated by:           Genus(TM) Synthesis Solution 21.16-s062_1
  Generated on:           Oct 15 2024  10:05:37 am
  Module:                 ibex_top
  Operating conditions:   PVT_0P63V_100C (balanced_tree)
  Wireload mode:          enclosed
  Area mode:              timing library
============================================================

Timing
--------

Analysis view Clock Period 
---------------------------
default_mode  clk_i 2000.0 


  Analysis     Cost   Critical        Violating 
    View      Group  Path Slack  TNS    Paths   
------------------------------------------------
default_mode     C2C   No paths  0.0          0 
                 C2O     1107.3  0.0          0 
               clk_i   No paths  0.0          0 
             default   No paths  0.0          0 
                 I2C      582.8  0.0          0 
                 I2O        0.2  0.0          0 
------------------------------------------------
Total                           -0.0          0 
                                                

Instance Count
--------------
Leaf Instance Count             6462 
Physical Instance count            0 
Sequential Instance Count        642 
Combinational Instance Count    5820 
Hierarchical Instance Count       21 

Area
----
Cell Area                          733.593
Physical Cell Area                 0.000
Total Cell Area (Cell+Physical)    733.593
Net Area                           0.000
Total Area (Cell+Physical+Net)     733.593

Runtime                            0.0 seconds
Elapsed Runtime                    158 seconds
Genus peak memory usage            2121.54 
Innovus peak memory usage          no_value 
Hostname                           cadpc21.ee.columbia.edu
