============================================================
  Generated by:           Genus(TM) Synthesis Solution 21.16-s062_1
  Generated on:           Oct 15 2024  10:05:37 am
  Module:                 ibex_top
  Operating conditions:   PVT_0P63V_100C (balanced_tree)
  Wireload mode:          enclosed
  Area mode:              timing library
============================================================

                                                Leakage  
           Gate            Instances   Area   Power (nW)                  Library                  
---------------------------------------------------------------------------------------------------
A2O1A1Ixp33_ASAP7_75t_R           25    2.187     18.278    asap7sc7p5t_AO_RVT_SS_nldm_211120      
A2O1A1O1Ixp25_ASAP7_75t_R          2    0.262      2.114    asap7sc7p5t_AO_RVT_SS_nldm_211120      
AND2x2_ASAP7_75t_R                60    5.249    134.946    asap7sc7p5t_SIMPLE_RVT_SS_nldm_211120  
AND3x1_ASAP7_75t_R                16    1.400     29.121    asap7sc7p5t_SIMPLE_RVT_SS_nldm_211120  
AND4x1_ASAP7_75t_R                 7    0.714     19.150    asap7sc7p5t_SIMPLE_RVT_SS_nldm_211120  
AND5x1_ASAP7_75t_R                38    4.432     98.105    asap7sc7p5t_SIMPLE_RVT_SS_nldm_211120  
AO211x2_ASAP7_75t_R                7    1.633     19.887    asap7sc7p5t_AO_RVT_SS_nldm_211120      
AO21x1_ASAP7_75t_R               107    9.360    186.996    asap7sc7p5t_AO_RVT_SS_nldm_211120      
AO221x1_ASAP7_75t_R                3    0.437      5.363    asap7sc7p5t_AO_RVT_SS_nldm_211120      
AO222x2_ASAP7_75t_R               71   12.422    205.859    asap7sc7p5t_AO_RVT_SS_nldm_211120      
AO222x2_ASAP7_75t_SL              24    4.199   3002.684    asap7sc7p5t_AO_SLVT_SS_nldm_211120     
AO22x1_ASAP7_75t_R               161   21.126    237.374    asap7sc7p5t_AO_RVT_SS_nldm_211120      
AO32x1_ASAP7_75t_L                 1    0.117     11.509    asap7sc7p5t_AO_LVT_SS_nldm_211120      
AO32x1_ASAP7_75t_R                32    3.732     47.281    asap7sc7p5t_AO_RVT_SS_nldm_211120      
AO331x1_ASAP7_75t_R                1    0.146      2.022    asap7sc7p5t_AO_RVT_SS_nldm_211120      
AO332x1_ASAP7_75t_SL               1    0.160     98.159    asap7sc7p5t_AO_SLVT_SS_nldm_211120     
AOI211xp5_ASAP7_75t_R             38    3.324     35.383    asap7sc7p5t_AO_RVT_SS_nldm_211120      
AOI21xp33_ASAP7_75t_R            224   16.330    165.449    asap7sc7p5t_AO_RVT_SS_nldm_211120      
AOI21xp5_ASAP7_75t_L               1    0.073      9.025    asap7sc7p5t_AO_LVT_SS_nldm_211120      
AOI21xp5_ASAP7_75t_SL              1    0.073     25.866    asap7sc7p5t_AO_SLVT_SS_nldm_211120     
AOI221xp5_ASAP7_75t_R            194   19.800    158.709    asap7sc7p5t_AO_RVT_SS_nldm_211120      
AOI221xp5_ASAP7_75t_SL             2    0.204     83.786    asap7sc7p5t_AO_SLVT_SS_nldm_211120     
AOI222xp33_ASAP7_75t_R           369   53.800    395.546    asap7sc7p5t_AO_RVT_SS_nldm_211120      
AOI22xp33_ASAP7_75t_R           1096   95.878    640.387    asap7sc7p5t_AO_RVT_SS_nldm_211120      
AOI22xp5_ASAP7_75t_R               1    0.087      1.156    asap7sc7p5t_AO_RVT_SS_nldm_211120      
AOI311xp33_ASAP7_75t_R             3    0.306      4.102    asap7sc7p5t_AO_RVT_SS_nldm_211120      
AOI31xp33_ASAP7_75t_R             24    2.100     12.102    asap7sc7p5t_AO_RVT_SS_nldm_211120      
AOI321xp33_ASAP7_75t_R             4    0.467      4.015    asap7sc7p5t_AO_RVT_SS_nldm_211120      
AOI322xp5_ASAP7_75t_R              5    0.656      5.872    asap7sc7p5t_AO_RVT_SS_nldm_211120      
AOI32xp33_ASAP7_75t_R             91    9.287     86.342    asap7sc7p5t_AO_RVT_SS_nldm_211120      
AOI33xp33_ASAP7_75t_R              4    0.467      3.423    asap7sc7p5t_AO_RVT_SS_nldm_211120      
BUFx12f_ASAP7_75t_SL               1    0.262    555.683    asap7sc7p5t_INVBUF_SLVT_SS_nldm_211120 
DFFASRHQNx1_ASAP7_75t_R          369  139.881   1558.434    asap7sc7p5t_SEQ_RVT_SS_nldm_220123     
DFFHQNx1_ASAP7_75t_R             272   79.315    873.456    asap7sc7p5t_SEQ_RVT_SS_nldm_220123     
FAx1_ASAP7_75t_L                   1    0.204     18.629    asap7sc7p5t_SIMPLE_LVT_SS_nldm_211120  
FAx1_ASAP7_75t_R                 112   22.861    319.338    asap7sc7p5t_SIMPLE_RVT_SS_nldm_211120  
HAxp5_ASAP7_75t_R                  2    0.262      3.142    asap7sc7p5t_SIMPLE_RVT_SS_nldm_211120  
HB4xp67_ASAP7_75t_R                1    0.102      0.670    asap7sc7p5t_INVBUF_RVT_SS_nldm_211120  
INVx1_ASAP7_75t_L                  1    0.044      4.479    asap7sc7p5t_INVBUF_LVT_SS_nldm_211120  
INVx1_ASAP7_75t_R                  9    0.394      5.935    asap7sc7p5t_INVBUF_RVT_SS_nldm_211120  
INVx1_ASAP7_75t_SL                 2    0.087     49.480    asap7sc7p5t_INVBUF_SLVT_SS_nldm_211120 
INVx2_ASAP7_75t_R                  1    0.058      1.095    asap7sc7p5t_INVBUF_RVT_SS_nldm_211120  
INVxp33_ASAP7_75t_R              686   30.006    164.701    asap7sc7p5t_INVBUF_RVT_SS_nldm_211120  
INVxp67_ASAP7_75t_L                4    0.175     13.751    asap7sc7p5t_INVBUF_LVT_SS_nldm_211120  
INVxp67_ASAP7_75t_R               51    2.231     23.387    asap7sc7p5t_INVBUF_RVT_SS_nldm_211120  
MAJIxp5_ASAP7_75t_R               97    9.900    118.164    asap7sc7p5t_SIMPLE_RVT_SS_nldm_211120  
MAJx2_ASAP7_75t_R                 26    3.412     70.043    asap7sc7p5t_SIMPLE_RVT_SS_nldm_211120  
NAND2xp33_ASAP7_75t_R            636   37.092    203.846    asap7sc7p5t_SIMPLE_RVT_SS_nldm_211120  
NAND2xp5_ASAP7_75t_L               7    0.408     31.297    asap7sc7p5t_SIMPLE_LVT_SS_nldm_211120  
NAND2xp5_ASAP7_75t_R              26    1.516     13.674    asap7sc7p5t_SIMPLE_RVT_SS_nldm_211120  
NAND2xp5_ASAP7_75t_SL              1    0.058     19.087    asap7sc7p5t_SIMPLE_SLVT_SS_nldm_211120 
NAND3xp33_ASAP7_75t_L             19    1.385    185.779    asap7sc7p5t_SIMPLE_LVT_SS_nldm_211120  
NAND3xp33_ASAP7_75t_R             65    4.739     68.104    asap7sc7p5t_SIMPLE_RVT_SS_nldm_211120  
NAND3xp33_ASAP7_75t_SL             2    0.146     27.919    asap7sc7p5t_SIMPLE_SLVT_SS_nldm_211120 
NAND4xp25_ASAP7_75t_L              6    0.525     77.904    asap7sc7p5t_SIMPLE_LVT_SS_nldm_211120  
NAND4xp25_ASAP7_75t_R             32    2.799     61.204    asap7sc7p5t_SIMPLE_RVT_SS_nldm_211120  
NAND4xp25_ASAP7_75t_SL             1    0.087     11.049    asap7sc7p5t_SIMPLE_SLVT_SS_nldm_211120 
NAND5xp2_ASAP7_75t_R              42    4.287    115.689    asap7sc7p5t_SIMPLE_RVT_SS_nldm_211120  
NOR2x1_ASAP7_75t_L                 1    0.087      5.321    asap7sc7p5t_SIMPLE_LVT_SS_nldm_211120  
NOR2x1_ASAP7_75t_R                 4    0.350      4.056    asap7sc7p5t_SIMPLE_RVT_SS_nldm_211120  
NOR2x1_ASAP7_75t_SL                2    0.175     90.447    asap7sc7p5t_SIMPLE_SLVT_SS_nldm_211120 
NOR2xp33_ASAP7_75t_L               5    0.292     14.508    asap7sc7p5t_SIMPLE_LVT_SS_nldm_211120  
NOR2xp33_ASAP7_75t_R             395   23.036    163.788    asap7sc7p5t_SIMPLE_RVT_SS_nldm_211120  
NOR2xp33_ASAP7_75t_SL              5    0.292     96.989    asap7sc7p5t_SIMPLE_SLVT_SS_nldm_211120 
NOR2xp67_ASAP7_75t_L               5    0.437     31.102    asap7sc7p5t_SIMPLE_LVT_SS_nldm_211120  
NOR2xp67_ASAP7_75t_R              19    1.662     13.355    asap7sc7p5t_SIMPLE_RVT_SS_nldm_211120  
NOR3xp33_ASAP7_75t_L               1    0.073      4.582    asap7sc7p5t_SIMPLE_LVT_SS_nldm_211120  
NOR3xp33_ASAP7_75t_R              47    3.426     29.241    asap7sc7p5t_SIMPLE_RVT_SS_nldm_211120  
NOR4xp25_ASAP7_75t_R              13    1.137      8.336    asap7sc7p5t_SIMPLE_RVT_SS_nldm_211120  
NOR4xp75_ASAP7_75t_R               1    0.204      1.360    asap7sc7p5t_SIMPLE_RVT_SS_nldm_211120  
NOR5xp2_ASAP7_75t_R                9    0.919      4.584    asap7sc7p5t_SIMPLE_RVT_SS_nldm_211120  
O2A1O1Ixp33_ASAP7_75t_R           21    1.837     16.996    asap7sc7p5t_OA_RVT_SS_nldm_211120      
O2A1O1Ixp33_ASAP7_75t_SL           1    0.087     47.128    asap7sc7p5t_OA_SLVT_SS_nldm_211120     
OA211x2_ASAP7_75t_R                5    0.583     11.103    asap7sc7p5t_OA_RVT_SS_nldm_211120      
OA21x2_ASAP7_75t_R                99   10.104    276.245    asap7sc7p5t_OA_RVT_SS_nldm_211120      
OA222x2_ASAP7_75t_R                1    0.175      2.906    asap7sc7p5t_OA_RVT_SS_nldm_211120      
OA331x1_ASAP7_75t_R                1    0.146      1.862    asap7sc7p5t_OA_RVT_SS_nldm_211120      
OAI211xp5_ASAP7_75t_R             84    7.348    132.868    asap7sc7p5t_OA_RVT_SS_nldm_211120      
OAI21xp33_ASAP7_75t_R             90    6.561     79.181    asap7sc7p5t_OA_RVT_SS_nldm_211120      
OAI21xp5_ASAP7_75t_L               2    0.146     10.016    asap7sc7p5t_OA_LVT_SS_nldm_211120      
OAI21xp5_ASAP7_75t_R               2    0.146      2.834    asap7sc7p5t_OA_RVT_SS_nldm_211120      
OAI221xp5_ASAP7_75t_R            163   16.636    195.397    asap7sc7p5t_OA_RVT_SS_nldm_211120      
OAI222xp33_ASAP7_75t_R            26    3.791     48.338    asap7sc7p5t_OA_RVT_SS_nldm_211120      
OAI22xp33_ASAP7_75t_R            109    9.535     89.121    asap7sc7p5t_OA_RVT_SS_nldm_211120      
OAI22xp5_ASAP7_75t_R               1    0.087      1.214    asap7sc7p5t_OA_RVT_SS_nldm_211120      
OAI311xp33_ASAP7_75t_R             3    0.306      4.989    asap7sc7p5t_OA_RVT_SS_nldm_211120      
OAI31xp33_ASAP7_75t_R              5    0.437      4.173    asap7sc7p5t_OA_RVT_SS_nldm_211120      
OAI321xp33_ASAP7_75t_R             6    0.700      6.869    asap7sc7p5t_OA_RVT_SS_nldm_211120      
OAI321xp33_ASAP7_75t_SL            1    0.117     60.627    asap7sc7p5t_OA_SLVT_SS_nldm_211120     
OAI32xp33_ASAP7_75t_R             12    1.225     11.939    asap7sc7p5t_OA_RVT_SS_nldm_211120      
OAI32xp33_ASAP7_75t_SL             1    0.102     42.705    asap7sc7p5t_OA_SLVT_SS_nldm_211120     
OAI33xp33_ASAP7_75t_R              1    0.117      1.401    asap7sc7p5t_OA_RVT_SS_nldm_211120      
OR2x2_ASAP7_75t_L                  1    0.087     14.545    asap7sc7p5t_SIMPLE_LVT_SS_nldm_211120  
OR2x2_ASAP7_75t_R                 39    3.412     69.956    asap7sc7p5t_SIMPLE_RVT_SS_nldm_211120  
OR3x1_ASAP7_75t_L                  1    0.087      9.603    asap7sc7p5t_SIMPLE_LVT_SS_nldm_211120  
OR3x1_ASAP7_75t_R                 11    0.962     13.316    asap7sc7p5t_SIMPLE_RVT_SS_nldm_211120  
OR4x1_ASAP7_75t_L                  1    0.102      7.858    asap7sc7p5t_SIMPLE_LVT_SS_nldm_211120  
OR4x1_ASAP7_75t_R                  5    0.510      4.450    asap7sc7p5t_SIMPLE_RVT_SS_nldm_211120  
OR5x1_ASAP7_75t_R                  9    1.050      6.864    asap7sc7p5t_SIMPLE_RVT_SS_nldm_211120  
SDFHx1_ASAP7_75t_R                 1    0.364      3.530    asap7sc7p5t_SEQ_RVT_SS_nldm_220123     
XNOR2x2_ASAP7_75t_R                1    0.160      3.097    asap7sc7p5t_SIMPLE_RVT_SS_nldm_211120  
XNOR2xp5_ASAP7_75t_R             140   18.371    269.253    asap7sc7p5t_SIMPLE_RVT_SS_nldm_211120  
XOR2xp5_ASAP7_75t_R               27    3.543     46.928    asap7sc7p5t_SIMPLE_RVT_SS_nldm_211120  
---------------------------------------------------------------------------------------------------
total                           6462  733.593  12310.932                                           


                                                                       Leakage  Leakage 
                Library                Instances Instances %   Area  Power (nW) Power % 
----------------------------------------------------------------------------------------
asap7sc7p5t_AO_LVT_SS_nldm_211120              2         0.0   0.190     20.533     0.2 
asap7sc7p5t_AO_RVT_SS_nldm_211120           2462        38.1 253.809   2237.660    18.2 
asap7sc7p5t_AO_SLVT_SS_nldm_211120            28         0.4   4.636   3210.496    26.1 
asap7sc7p5t_INVBUF_LVT_SS_nldm_211120          5         0.1   0.219     18.230     0.1 
asap7sc7p5t_INVBUF_RVT_SS_nldm_211120        748        11.6  32.790    195.787     1.6 
asap7sc7p5t_INVBUF_SLVT_SS_nldm_211120         3         0.0   0.350    605.163     4.9 
asap7sc7p5t_OA_LVT_SS_nldm_211120              2         0.0   0.146     10.016     0.1 
asap7sc7p5t_OA_RVT_SS_nldm_211120            629         9.7  59.734    887.437     7.2 
asap7sc7p5t_OA_SLVT_SS_nldm_211120             3         0.0   0.306    150.460     1.2 
asap7sc7p5t_SEQ_RVT_SS_nldm_220123           642         9.9 219.560   2435.420    19.8 
asap7sc7p5t_SIMPLE_LVT_SS_nldm_211120         48         0.7   3.689    401.128     3.3 
asap7sc7p5t_SIMPLE_RVT_SS_nldm_211120       1879        29.1 157.406   1893.110    15.4 
asap7sc7p5t_SIMPLE_SLVT_SS_nldm_211120        11         0.2   0.758    245.491     2.0 

                                          Leakage  Leakage 
     Type      Instances   Area  Area % Power (nW) Power % 
-----------------------------------------------------------
sequential           642 219.560   29.9   2435.420    19.8 
inverter             754  32.995    4.5    262.828     2.1 
buffer                 2   0.364    0.0    556.353     4.5 
unresolved            20   0.000    0.0      0.000     0.0 
logic               5064 480.673   65.5   9056.331    73.6 
physical_cells         0   0.000    0.0      0.000     0.0 
-----------------------------------------------------------
total               6482 733.593  100.0  12310.932   100.0 

