============================================================
  Generated by:           Genus(TM) Synthesis Solution 21.16-s062_1
  Generated on:           Oct 15 2024  10:03:24 am
  Module:                 ibex_top
  Operating conditions:   PVT_0P63V_100C (balanced_tree)
  Wireload mode:          enclosed
  Area mode:              timing library
============================================================

#--------------------------------------------------------
#  ID  Slack        Endpoint        Group      Mode      
#       (ps)                                             
#--------------------------------------------------------
     1   329   instr_addr_o[2]        I2O   default_mode 
     2   329   instr_addr_o[3]        I2O   default_mode 
     3   329   instr_addr_o[5]        I2O   default_mode 
     4   337   instr_addr_o[4]        I2O   default_mode 
     5   339   instr_addr_o[6]        I2O   default_mode 
     6   478   double_fault_seen_o    I2O   default_mode 
     7   496   instr_req_o            I2O   default_mode 
     8   504   instr_addr_o[26]       I2O   default_mode 
     9   504   instr_addr_o[25]       I2O   default_mode 
    10   504   instr_addr_o[24]       I2O   default_mode 
    11   504   instr_addr_o[27]       I2O   default_mode 
    12   504   instr_addr_o[28]       I2O   default_mode 
    13   504   instr_addr_o[21]       I2O   default_mode 
    14   504   instr_addr_o[20]       I2O   default_mode 
    15   504   instr_addr_o[19]       I2O   default_mode 
    16   504   instr_addr_o[18]       I2O   default_mode 
    17   504   instr_addr_o[17]       I2O   default_mode 
    18   504   instr_addr_o[16]       I2O   default_mode 
    19   504   instr_addr_o[15]       I2O   default_mode 
    20   504   instr_addr_o[30]       I2O   default_mode 
    21   504   instr_addr_o[13]       I2O   default_mode 
    22   504   instr_addr_o[12]       I2O   default_mode 
    23   504   instr_addr_o[11]       I2O   default_mode 
    24   504   instr_addr_o[23]       I2O   default_mode 
    25   504   instr_addr_o[9]        I2O   default_mode 
    26   504   instr_addr_o[8]        I2O   default_mode 
    27   504   instr_addr_o[14]       I2O   default_mode 
    28   504   instr_addr_o[7]        I2O   default_mode 
    29   504   instr_addr_o[31]       I2O   default_mode 
    30   504   instr_addr_o[22]       I2O   default_mode 
    31   504   instr_addr_o[29]       I2O   default_mode 
    32   504   instr_addr_o[10]       I2O   default_mode 
    33   677   core_sleep_o           I2O   default_mode 
    34  1012   core_busy_q_reg[0]/d   I2C   default_mode 
#--------------------------------------------------------


