============================================================
  Generated by:           Genus(TM) Synthesis Solution 21.16-s062_1
  Generated on:           Oct 15 2024  10:03:27 am
  Module:                 ibex_top
  Operating conditions:   PVT_0P63V_100C (balanced_tree)
  Wireload mode:          enclosed
  Area mode:              timing library
============================================================

	Timing
	------
    Endpoint    Slack Cost Group      Mode      
------------------------------------------------
instr_addr_o[2]   329        I2O   default_mode 
	Area
	----

Instance Module  Cell Count  Cell Area  Net Area   Total Area   Wireload  
--------------------------------------------------------------------------
ibex_top              13456   2422.051     0.000     2422.051 <none> (D)  
  (D) = wireload is default in technology library

	Design Rule Check
	-----------------

Max_transition design rule: no violations.

Max_capacitance design rule: no violations.



