============================================================
  Generated by:           Genus(TM) Synthesis Solution 21.16-s062_1
  Generated on:           Oct 15 2024  10:03:24 am
  Module:                 ibex_top
  Operating conditions:   PVT_0P63V_100C (balanced_tree)
  Wireload mode:          enclosed
  Area mode:              timing library
============================================================

Timing
--------

Analysis view Clock Period 
---------------------------
default_mode  clk_i 2000.0 


  Analysis     Cost   Critical        Violating 
    View      Group  Path Slack  TNS    Paths   
------------------------------------------------
default_mode     C2C   No paths  0.0          0 
                 C2O     1285.3  0.0          0 
               clk_i   No paths  0.0          0 
             default   No paths  0.0          0 
                 I2C     1012.1  0.0          0 
                 I2O      328.9  0.0          0 
------------------------------------------------
Total                           -0.0          0 
                                                

Instance Count
--------------
Leaf Instance Count             13456 
Physical Instance count             0 
Sequential Instance Count         684 
Combinational Instance Count    12776 
Hierarchical Instance Count       843 
Warning : Performing RTL power analysis without power models. [PA-19]
        : Design design:ibex_top has not been generic synthesized.
        : For more accurate results, perform RTL power analysis using detailed power models after 'syn_gen' step followed by the 'build_rtl_power_models' command.
For more accurate power reporting use build_rtl_power_models after generic synthesis.

Area
----
Cell Area                          2422.051
Physical Cell Area                 0.000
Total Cell Area (Cell+Physical)    2422.051
Net Area                           0.000
Total Area (Cell+Physical+Net)     2422.051

Power
-----
Leakage Power                      277590.004 nW
Dynamic Power                      139783.628 nW
Total Power                        417373.632 nW

Max Fanout                         699 (clk)
Min Fanout                         0 (n_197)
Average Fanout                     1.6
Terms to net ratio                 2.4904
Terms to instance ratio            4.7680
Runtime                            15.440244 seconds
Elapsed Runtime                    28 seconds
Genus peak memory usage            2226.33 
Innovus peak memory usage          no_value 
Hostname                           cadpc21.ee.columbia.edu
