Command: report datapath > ../report/syn_preopt.datapath_generic.rpt
============================================================
  Generated by:           Genus(TM) Synthesis Solution 21.16-s062_1
  Generated on:           Oct 15 2024  10:04:26 am
  Module:                 ibex_top
  Operating conditions:   PVT_0P63V_100C (balanced_tree)
  Wireload mode:          enclosed
  Area mode:              timing library
============================================================


Inferred components

                        Operator   Signedness  Inputs  Outputs CellArea Line Col       Filename       
======================================================================================================
ibex_top
 u_ibex_core
  ADD_UNS_OP8
   
   module:add_unsigned
    very_fast              +       unsigned   32x2     32         10.15  760  64 ibex_controller.sv   
======================================================================================================
ibex_top
 u_ibex_core
  csa_tree_ex_block_i_gen_multdiv_fast_multdiv_i_add_278_69_groupi
   
   module:csa_tree_ex_block_i_gen_multdiv_fast_multdiv_i_add_278_69_group_2
    very_fast        csa_and_adder            17x17x34 34        227.72                               
   equation:
   assign out_0 = (($signed(in_0) * $signed(in_1)) + $signed(in_2));
  ppgen_0  in_0 * in_1  booth/booth_encoded_port: in_1

------------------------------------------------------------------------------------------------------
    add_278_69             +       signed     34x34    35                278  69 ibex_multdiv_fast.sv 
    mul_278_38
     booth/booth_encoded_port: B
                           *       signed     17x17    34                278  38 ibex_multdiv_fast.sv 
======================================================================================================
ibex_top
 u_ibex_core
  ex_block_i_alu_i_add_105_53
   
   module:add_unsigned_1433
    very_fast              +       unsigned   33x33    33         21.14  105  53 ibex_alu.sv          
======================================================================================================
ibex_top
 u_ibex_core
  ex_block_i_alu_i_sra_343_135
   
   module:arith_shift_right_vlog_signed_503_2_rtlopto_model_359
    very_fast/barrel      >>>      x          33x5     32         35.96  343  82 ibex_alu.sv          
======================================================================================================
ibex_top
 u_ibex_core
  ex_block_i_alu_i_sra_343_82
   
   module:arith_shift_right_vlog_signed_503_2_rtlopto_model_359
    very_fast/barrel      >>>      x          33x5     32         35.96  343  82 ibex_alu.sv          
======================================================================================================
ibex_top
 u_ibex_core
  if_stage_i_gen_prefetch_buffer.prefetch_buffer_i_add_170_75
   
   module:add_unsigned_1425
    very_fast              +       unsigned   32x3     32          9.82  170  75 ibex_prefetch_buffer 
                                                                                 .sv                  
======================================================================================================
ibex_top
 u_ibex_core
  if_stage_i_gen_prefetch_buffer.prefetch_buffer_i_fifo_i_add_145_48
   
   module:add_unsigned_1271
    very_fast              +       unsigned   31x2     31         10.49  145  48 ibex_fetch_fifo.sv   
======================================================================================================
ibex_top
 u_ibex_core
  inc_ADD_UNS_OP
   
   module:increment_unsigned_2621
    very_fast          increment   unsigned   64x1     64         21.22   30  50 ibex_counter.sv      
======================================================================================================
ibex_top
 u_ibex_core
  inc_ADD_UNS_OP7
   
   module:increment_unsigned_2621_1678
    very_fast          increment   unsigned   64x1     64         21.22   30  50 ibex_counter.sv      
======================================================================================================

      Type       CellArea Percentage 
-------------------------------------
datapath modules   393.69      29.24 
external muxes       0.00       0.00 
others             952.73      70.76 
-------------------------------------
total             1346.42     100.00 

