============================================================
  Generated by:           Genus(TM) Synthesis Solution 21.16-s062_1
  Generated on:           Oct 15 2024  10:05:30 am
  Module:                 ibex_top
  Operating conditions:   PVT_0P63V_100C (balanced_tree)
  Wireload mode:          enclosed
  Area mode:              timing library
============================================================

#--------------------------------------------------------
#  ID  Slack        Endpoint        Group      Mode      
#       (ps)                                             
#--------------------------------------------------------
     1     0   instr_addr_o[12]       I2O   default_mode 
     2     0   instr_addr_o[30]       I2O   default_mode 
     3     2   instr_addr_o[15]       I2O   default_mode 
     4     2   instr_addr_o[17]       I2O   default_mode 
     5     2   instr_addr_o[21]       I2O   default_mode 
     6     2   instr_addr_o[13]       I2O   default_mode 
     7     2   instr_addr_o[31]       I2O   default_mode 
     8     2   instr_addr_o[14]       I2O   default_mode 
     9     2   instr_addr_o[18]       I2O   default_mode 
    10     2   instr_addr_o[22]       I2O   default_mode 
    11     2   instr_addr_o[24]       I2O   default_mode 
    12     2   instr_addr_o[8]        I2O   default_mode 
    13     2   instr_addr_o[26]       I2O   default_mode 
    14     2   instr_addr_o[10]       I2O   default_mode 
    15     4   instr_addr_o[9]        I2O   default_mode 
    16     4   instr_addr_o[29]       I2O   default_mode 
    17     4   instr_addr_o[19]       I2O   default_mode 
    18     4   instr_addr_o[23]       I2O   default_mode 
    19     4   instr_addr_o[11]       I2O   default_mode 
    20     4   instr_addr_o[16]       I2O   default_mode 
    21     4   instr_addr_o[20]       I2O   default_mode 
    22     4   instr_addr_o[28]       I2O   default_mode 
    23     6   instr_addr_o[27]       I2O   default_mode 
    24     6   instr_addr_o[25]       I2O   default_mode 
    25    10   instr_addr_o[3]        I2O   default_mode 
    26    86   instr_addr_o[5]        I2O   default_mode 
    27    86   instr_addr_o[7]        I2O   default_mode 
    28    86   instr_addr_o[2]        I2O   default_mode 
    29    86   instr_addr_o[4]        I2O   default_mode 
    30    89   instr_addr_o[6]        I2O   default_mode 
    31   107   instr_req_o            I2O   default_mode 
    32   107   double_fault_seen_o    I2O   default_mode 
    33   449   core_sleep_o           I2O   default_mode 
    34   583   core_busy_q_reg[0]/D   I2C   default_mode 
#--------------------------------------------------------


