============================================================
  Generated by:           Genus(TM) Synthesis Solution 21.16-s062_1
  Generated on:           Oct 15 2024  10:05:29 am
  Module:                 ibex_top
  Operating conditions:   PVT_0P63V_100C (balanced_tree)
  Wireload mode:          enclosed
  Area mode:              timing library
============================================================


Path 1: MET (583 ps) Setup Check with Pin core_busy_q_reg[0]/CLK->D
           Mode: default_mode
          Group: I2C
     Startpoint: (F) irq_fast_i[4]
          Clock: (R) clk_i
       Endpoint: (R) core_busy_q_reg[0]/D
          Clock: (R) clk_i

                     Capture       Launch     
        Clock Edge:+    2000            0     
        Drv Adjust:+       0            0     
       Src Latency:+       0            0     
       Net Latency:+       0 (I)        0 (I) 
           Arrival:=    2000            0     
                                              
             Setup:-       6                  
       Uncertainty:-       5                  
     Required Time:=    1989                  
      Launch Clock:-       0                  
       Input Delay:-     600                  
         Data Path:-     806                  
             Slack:=     583                  

Exceptions/Constraints:
  input_delay             600             ibex_top.nangate.sdc_line_18_173_1 

#------------------------------------------------------------------------------------------------------------------
#       Timing Point         Flags   Arc   Edge           Cell            Fanout Load Trans Delay Arrival Instance 
#                                                                                (fF)  (ps)  (ps)   (ps)  Location 
#------------------------------------------------------------------------------------------------------------------
  irq_fast_i[4]              -       -     F     (arrival)                     2  0.7     0     0     600    (-,-) 
  u_ibex_core/p0235A/Y       -       B->Y  R     NAND2xp33_ASAP7_75t_R         2  0.7    40    21     621    (-,-) 
  u_ibex_core/p0242A111784/Y -       B->Y  F     NAND2xp33_ASAP7_75t_R         2  0.7    31    27     648    (-,-) 
  u_ibex_core/p0242A/Y       -       B->Y  R     AOI211xp5_ASAP7_75t_R         1  0.5    45    32     680    (-,-) 
  u_ibex_core/p0245A/Y       -       A->Y  F     NAND2xp5_ASAP7_75t_SL         4  1.6    40    16     696    (-,-) 
  u_ibex_core/Fp0246A/Y      -       A->Y  R     INVxp67_ASAP7_75t_L           2  1.0    29    21     718    (-,-) 
  u_ibex_core/p0262A/Y       -       A->Y  F     NAND4xp25_ASAP7_75t_SL        3  1.0    53    22     740    (-,-) 
  u_ibex_core/Fp0276A/Y      -       A->Y  R     INVxp67_ASAP7_75t_L           1  0.5    24    17     758    (-,-) 
  u_ibex_core/p0286A/Y       -       A->Y  F     NAND3xp33_ASAP7_75t_SL        3  1.5    44    21     779    (-,-) 
  u_ibex_core/p0297A/Y       -       B->Y  R     O2A1O1Ixp33_ASAP7_75t_SL      1  0.6    37    20     799    (-,-) 
  u_ibex_core/p0290A/Y       -       A->Y  R     OR4x1_ASAP7_75t_L             5  2.5    34    31     830    (-,-) 
  u_ibex_core/p0302A/Y       -       A->Y  F     NOR2x1_ASAP7_75t_L           37 15.0   135    74     904    (-,-) 
  u_ibex_core/Fp0323A/Y      -       A->Y  R     INVx1_ASAP7_75t_SL            4  1.6    52    29     934    (-,-) 
  u_ibex_core/p0360D/Y       -       D->Y  R     AND4x1_ASAP7_75t_R           37 16.2   237   156    1089    (-,-) 
  u_ibex_core/p0504AT/Y      -       B->Y  F     OAI211xp5_ASAP7_75t_R         1  0.5    63    50    1139    (-,-) 
  u_ibex_core/p0502A__9315/Y -       A->Y  R     NAND4xp25_ASAP7_75t_R         2  0.8    39    34    1173    (-,-) 
  u_ibex_core/p0519A__2398/Y -       B->Y  F     NAND2xp5_ASAP7_75t_R          4 11.1   234   115    1288    (-,-) 
  u_ibex_core/p1100A__1617/Y -       A->Y  F     OR5x1_ASAP7_75t_R             1  0.3    26    94    1382    (-,-) 
  Fp1134A/Y                  -       A->Y  R     INVxp33_ASAP7_75t_R           1  0.5    30    24    1406    (-,-) 
  core_busy_q_reg[0]/D       -       -     R     DFFASRHQNx1_ASAP7_75t_R       1    -     -     0    1406    (-,-) 
#------------------------------------------------------------------------------------------------------------------


