============================================================
  Generated by:           Genus(TM) Synthesis Solution 21.16-s062_1
  Generated on:           Oct 15 2024  10:05:31 am
  Module:                 ibex_top
  Operating conditions:   PVT_0P63V_100C (balanced_tree)
  Wireload mode:          enclosed
  Area mode:              timing library
============================================================

Timing
--------

Analysis view Clock Period 
---------------------------
default_mode  clk_i 2000.0 


  Analysis     Cost   Critical        Violating 
    View      Group  Path Slack  TNS    Paths   
------------------------------------------------
default_mode     C2C   No paths  0.0          0 
                 C2O     1107.3  0.0          0 
               clk_i   No paths  0.0          0 
             default   No paths  0.0          0 
                 I2C      582.8  0.0          0 
                 I2O        0.2  0.0          0 
------------------------------------------------
Total                           -0.0          0 
                                                

Instance Count
--------------
Leaf Instance Count             6462 
Physical Instance count            0 
Sequential Instance Count        642 
Combinational Instance Count    5820 
Hierarchical Instance Count       21 

Area
----
Cell Area                          733.593
Physical Cell Area                 0.000
Total Cell Area (Cell+Physical)    733.593
Net Area                           0.000
Total Area (Cell+Physical+Net)     733.593

Power
-----
Leakage Power                      12310.932 nW
Dynamic Power                      84111.219 nW
Total Power                        96422.151 nW

Max Fanout                         657 (clk)
Min Fanout                         0 (core_busy_d[1])
Average Fanout                     2.8
Terms to net ratio                 3.7081
Terms to instance ratio            4.2682
Runtime                            142.085564 seconds
Elapsed Runtime                    152 seconds
Genus peak memory usage            2226.33 
Innovus peak memory usage          no_value 
Hostname                           cadpc21.ee.columbia.edu
