============================================================
  Generated by:           Genus(TM) Synthesis Solution 21.16-s062_1
  Generated on:           Oct 15 2024  10:05:30 am
  Module:                 ibex_top
  Operating conditions:   PVT_0P63V_100C (balanced_tree)
  Wireload mode:          enclosed
  Area mode:              timing library
============================================================


Path 1: MET (0 ps) Late External Delay Assertion at pin instr_addr_o[12]
           Mode: default_mode
          Group: I2O
     Startpoint: (F) irq_fast_i[4]
          Clock: (R) clk_i
       Endpoint: (F) instr_addr_o[12]
          Clock: (R) clk_i

                     Capture       Launch     
        Clock Edge:+    2000            0     
        Drv Adjust:+       0            0     
       Src Latency:+       0            0     
       Net Latency:+       0 (I)        0 (I) 
           Arrival:=    2000            0     
                                              
      Output Delay:-     600                  
       Uncertainty:-       5                  
     Required Time:=    1395                  
      Launch Clock:-       0                  
       Input Delay:-     600                  
         Data Path:-     795                  
             Slack:=       0                  

Exceptions/Constraints:
  input_delay              600             ibex_top.nangate.sdc_line_18_173_1 
  output_delay             600             ibex_top.nangate.sdc_line_20_772_1 

#------------------------------------------------------------------------------------------------------------------------
#          Timing Point            Flags   Arc   Edge           Cell            Fanout Load Trans Delay Arrival Instance 
#                                                                                      (fF)  (ps)  (ps)   (ps)  Location 
#------------------------------------------------------------------------------------------------------------------------
  irq_fast_i[4]                    <<<     -     F     (arrival)                     2  0.7     0     0     600    (-,-) 
  u_ibex_core/p0235A/Y             -       B->Y  R     NAND2xp33_ASAP7_75t_R         2  0.7    40    21     621    (-,-) 
  u_ibex_core/p0242A111784/Y       -       B->Y  F     NAND2xp33_ASAP7_75t_R         2  0.7    31    27     648    (-,-) 
  u_ibex_core/p0242A/Y             -       B->Y  R     AOI211xp5_ASAP7_75t_R         1  0.5    45    32     680    (-,-) 
  u_ibex_core/p0245A/Y             -       A->Y  F     NAND2xp5_ASAP7_75t_SL         4  1.6    40    16     696    (-,-) 
  u_ibex_core/Fp0246A/Y            -       A->Y  R     INVxp67_ASAP7_75t_L           2  1.0    29    21     718    (-,-) 
  u_ibex_core/p0262A/Y             -       A->Y  F     NAND4xp25_ASAP7_75t_SL        3  1.0    53    22     740    (-,-) 
  u_ibex_core/Fp0276A/Y            -       A->Y  R     INVxp67_ASAP7_75t_L           1  0.5    24    17     758    (-,-) 
  u_ibex_core/p0286A/Y             -       A->Y  F     NAND3xp33_ASAP7_75t_SL        3  1.5    44    21     779    (-,-) 
  u_ibex_core/p0297A/Y             -       B->Y  R     O2A1O1Ixp33_ASAP7_75t_SL      1  0.6    37    20     799    (-,-) 
  u_ibex_core/p0290A/Y             -       A->Y  R     OR4x1_ASAP7_75t_L             5  2.5    34    31     830    (-,-) 
  u_ibex_core/p0302A/Y             -       A->Y  F     NOR2x1_ASAP7_75t_L           37 15.0   135    74     904    (-,-) 
  u_ibex_core/Fp0323A/Y            -       A->Y  R     INVx1_ASAP7_75t_SL            4  1.6    52    29     934    (-,-) 
  u_ibex_core/p0360D/Y             -       D->Y  R     AND4x1_ASAP7_75t_R           37 16.2   237   156    1089    (-,-) 
  u_ibex_core/p0429A/Y             -       B->Y  R     OR2x2_ASAP7_75t_L            20  8.8    61    69    1158    (-,-) 
  u_ibex_core/Fp0440A/Y            -       A->Y  F     INVx1_ASAP7_75t_R            31 13.0   134    89    1247    (-,-) 
  u_ibex_core/p0495A110647__1881/Y -       A->Y  R     NAND2xp5_ASAP7_75t_R          2  0.9    57    48    1296    (-,-) 
  u_ibex_core/p0494A110610__6783/Y -       B->Y  F     NAND3xp33_ASAP7_75t_L         4  1.8    62    34    1329    (-,-) 
  u_ibex_core/p0505A110557__5526/Y -       B1->Y F     AO222x2_ASAP7_75t_SL          1 10.0    58    66    1395    (-,-) 
  instr_addr_o[12]                 -       -     F     (port)                        -    -     -     0    1395    (-,-) 
#------------------------------------------------------------------------------------------------------------------------


